<?xml version="1.0" encoding="UTF-8"?>
<testng-results ignored="0" total="1" passed="1" failed="0" skipped="0">
  <reporter-output>
  </reporter-output>
  <suite started-at="2021-09-01T20:23:31 PDT" name="Default suite" finished-at="2021-09-01T20:23:38 PDT" duration-ms="6285">
    <groups>
    </groups>
    <test started-at="2021-09-01T20:23:31 PDT" name="Default test" finished-at="2021-09-01T20:23:38 PDT" duration-ms="6285">
      <class name="TestCases.TestCase4">
        <test-method signature="ValidatePrices()[pri:0, instance:TestCases.TestCase4@7e9131d5]" started-at="2021-09-01T20:23:31 PDT" name="ValidatePrices" finished-at="2021-09-01T20:23:38 PDT" duration-ms="6233" status="PASS">
          <reporter-output>
          </reporter-output>
        </test-method> <!-- ValidatePrices -->
      </class> <!-- TestCases.TestCase4 -->
    </test> <!-- Default test -->
  </suite> <!-- Default suite -->
</testng-results>
